  greatSword.cpp
  melee.cpp
C:\Users\RileyHall\Documents\Object_Orientated_Design\FinalProject\weapon_generator\Weapon-Randomizer\melee.cpp(26,18): error C2079: 'stream' uses undefined class 'std::basic_stringstream<char,std::char_traits<char>,std::allocator<char>>'
C:\Users\RileyHall\Documents\Object_Orientated_Design\FinalProject\weapon_generator\Weapon-Randomizer\melee.cpp(27,12): error C2297: '<<': not valid as right operand has type 'std::ios_base &(__cdecl *)(std::ios_base &)'
C:\Users\RileyHall\Documents\Object_Orientated_Design\FinalProject\weapon_generator\Weapon-Randomizer\melee.cpp(27,26): error C2677: binary '<<': no global operator found which takes type 'std::_Smanip<std::streamsize>' (or there is no acceptable conversion)
C:\Program Files\Microsoft Visual Studio\2022\Community\VC\Tools\MSVC\14.37.32822\include\ostream(1081,32): message : could be 'std::basic_ostream<_Elem,_Traits> &std::operator <<(std::basic_ostream<_Elem,_Traits> &,const std::error_code &)'
C:\Users\RileyHall\Documents\Object_Orientated_Design\FinalProject\weapon_generator\Weapon-Randomizer\melee.cpp(27,12): message : 'std::basic_ostream<_Elem,_Traits> &std::operator <<(std::basic_ostream<_Elem,_Traits> &,const std::error_code &)': could not deduce template argument for 'std::basic_ostream<_Elem,_Traits> &' from 'int'
C:\Program Files\Microsoft Visual Studio\2022\Community\VC\Tools\MSVC\14.37.32822\include\ostream(1004,9): message : or       '_Ostr &&std::operator <<(_Ostr &&,const _Ty &)'
C:\Users\RileyHall\Documents\Object_Orientated_Design\FinalProject\weapon_generator\Weapon-Randomizer\melee.cpp(27,12): message : '_Ostr &&std::operator <<(_Ostr &&,const _Ty &)': could not deduce template argument for '__formal'
C:\Program Files\Microsoft Visual Studio\2022\Community\VC\Tools\MSVC\14.37.32822\include\ostream(946,31): message : or       'std::basic_ostream<char,_Traits> &std::operator <<(std::basic_ostream<char,_Traits> &,unsigned char)'
C:\Users\RileyHall\Documents\Object_Orientated_Design\FinalProject\weapon_generator\Weapon-Randomizer\melee.cpp(27,12): message : 'std::basic_ostream<char,_Traits> &std::operator <<(std::basic_ostream<char,_Traits> &,unsigned char)': could not deduce template argument for 'std::basic_ostream<char,_Traits> &' from 'int'
C:\Program Files\Microsoft Visual Studio\2022\Community\VC\Tools\MSVC\14.37.32822\include\ostream(940,31): message : or       'std::basic_ostream<char,_Traits> &std::operator <<(std::basic_ostream<char,_Traits> &,const unsigned char *)'
C:\Users\RileyHall\Documents\Object_Orientated_Design\FinalProject\weapon_generator\Weapon-Randomizer\melee.cpp(27,12): message : 'std::basic_ostream<char,_Traits> &std::operator <<(std::basic_ostream<char,_Traits> &,const unsigned char *)': could not deduce template argument for 'std::basic_ostream<char,_Traits> &' from 'int'
C:\Program Files\Microsoft Visual Studio\2022\Community\VC\Tools\MSVC\14.37.32822\include\ostream(935,31): message : or       'std::basic_ostream<char,_Traits> &std::operator <<(std::basic_ostream<char,_Traits> &,signed char)'
C:\Users\RileyHall\Documents\Object_Orientated_Design\FinalProject\weapon_generator\Weapon-Randomizer\melee.cpp(27,12): message : 'std::basic_ostream<char,_Traits> &std::operator <<(std::basic_ostream<char,_Traits> &,signed char)': could not deduce template argument for 'std::basic_ostream<char,_Traits> &' from 'int'
C:\Program Files\Microsoft Visual Studio\2022\Community\VC\Tools\MSVC\14.37.32822\include\ostream(929,31): message : or       'std::basic_ostream<char,_Traits> &std::operator <<(std::basic_ostream<char,_Traits> &,const signed char *)'
C:\Users\RileyHall\Documents\Object_Orientated_Design\FinalProject\weapon_generator\Weapon-Randomizer\melee.cpp(27,12): message : 'std::basic_ostream<char,_Traits> &std::operator <<(std::basic_ostream<char,_Traits> &,const signed char *)': could not deduce template argument for 'std::basic_ostream<char,_Traits> &' from 'int'
C:\Program Files\Microsoft Visual Studio\2022\Community\VC\Tools\MSVC\14.37.32822\include\ostream(893,32): message : or       'std::basic_ostream<_Elem,_Traits> &std::operator <<(std::basic_ostream<_Elem,_Traits> &,_Elem)'
C:\Users\RileyHall\Documents\Object_Orientated_Design\FinalProject\weapon_generator\Weapon-Randomizer\melee.cpp(27,12): message : 'std::basic_ostream<_Elem,_Traits> &std::operator <<(std::basic_ostream<_Elem,_Traits> &,_Elem)': could not deduce template argument for 'std::basic_ostream<_Elem,_Traits> &' from 'int'
C:\Program Files\Microsoft Visual Studio\2022\Community\VC\Tools\MSVC\14.37.32822\include\ostream(850,32): message : or       'std::basic_ostream<_Elem,_Traits> &std::operator <<(std::basic_ostream<_Elem,_Traits> &,const _Elem *)'
C:\Users\RileyHall\Documents\Object_Orientated_Design\FinalProject\weapon_generator\Weapon-Randomizer\melee.cpp(27,12): message : 'std::basic_ostream<_Elem,_Traits> &std::operator <<(std::basic_ostream<_Elem,_Traits> &,const _Elem *)': could not deduce template argument for 'std::basic_ostream<_Elem,_Traits> &' from 'int'
C:\Program Files\Microsoft Visual Studio\2022\Community\VC\Tools\MSVC\14.37.32822\include\ostream(812,31): message : or       'std::basic_ostream<char,_Traits> &std::operator <<(std::basic_ostream<char,_Traits> &,char)'
C:\Users\RileyHall\Documents\Object_Orientated_Design\FinalProject\weapon_generator\Weapon-Randomizer\melee.cpp(27,12): message : 'std::basic_ostream<char,_Traits> &std::operator <<(std::basic_ostream<char,_Traits> &,char)': could not deduce template argument for 'std::basic_ostream<char,_Traits> &' from 'int'
C:\Program Files\Microsoft Visual Studio\2022\Community\VC\Tools\MSVC\14.37.32822\include\ostream(767,31): message : or       'std::basic_ostream<char,_Traits> &std::operator <<(std::basic_ostream<char,_Traits> &,const char *)'
C:\Users\RileyHall\Documents\Object_Orientated_Design\FinalProject\weapon_generator\Weapon-Randomizer\melee.cpp(27,12): message : 'std::basic_ostream<char,_Traits> &std::operator <<(std::basic_ostream<char,_Traits> &,const char *)': could not deduce template argument for 'std::basic_ostream<char,_Traits> &' from 'int'
C:\Program Files\Microsoft Visual Studio\2022\Community\VC\Tools\MSVC\14.37.32822\include\ostream(731,32): message : or       'std::basic_ostream<_Elem,_Traits> &std::operator <<(std::basic_ostream<_Elem,_Traits> &,char)'
C:\Users\RileyHall\Documents\Object_Orientated_Design\FinalProject\weapon_generator\Weapon-Randomizer\melee.cpp(27,12): message : 'std::basic_ostream<_Elem,_Traits> &std::operator <<(std::basic_ostream<_Elem,_Traits> &,char)': could not deduce template argument for 'std::basic_ostream<_Elem,_Traits> &' from 'int'
C:\Program Files\Microsoft Visual Studio\2022\Community\VC\Tools\MSVC\14.37.32822\include\ostream(687,32): message : or       'std::basic_ostream<_Elem,_Traits> &std::operator <<(std::basic_ostream<_Elem,_Traits> &,const char *)'
C:\Users\RileyHall\Documents\Object_Orientated_Design\FinalProject\weapon_generator\Weapon-Randomizer\melee.cpp(27,12): message : 'std::basic_ostream<_Elem,_Traits> &std::operator <<(std::basic_ostream<_Elem,_Traits> &,const char *)': could not deduce template argument for 'std::basic_ostream<_Elem,_Traits> &' from 'int'
C:\Program Files\Microsoft Visual Studio\2022\Community\VC\Tools\MSVC\14.37.32822\include\memory(3641,32): message : or       'std::basic_ostream<_Elem,_Traits> &std::operator <<(std::basic_ostream<_Elem,_Traits> &,const std::unique_ptr<_Ty2,_Dx2> &)'
C:\Users\RileyHall\Documents\Object_Orientated_Design\FinalProject\weapon_generator\Weapon-Randomizer\melee.cpp(27,12): message : 'std::basic_ostream<_Elem,_Traits> &std::operator <<(std::basic_ostream<_Elem,_Traits> &,const std::unique_ptr<_Ty2,_Dx2> &)': could not deduce template argument for 'std::basic_ostream<_Elem,_Traits> &' from 'int'
C:\Program Files\Microsoft Visual Studio\2022\Community\VC\Tools\MSVC\14.37.32822\include\memory(1988,32): message : or       'std::basic_ostream<_Elem,_Traits> &std::operator <<(std::basic_ostream<_Elem,_Traits> &,const std::shared_ptr<_Ty> &)'
C:\Users\RileyHall\Documents\Object_Orientated_Design\FinalProject\weapon_generator\Weapon-Randomizer\melee.cpp(27,12): message : 'std::basic_ostream<_Elem,_Traits> &std::operator <<(std::basic_ostream<_Elem,_Traits> &,const std::shared_ptr<_Ty> &)': could not deduce template argument for 'std::basic_ostream<_Elem,_Traits> &' from 'int'
C:\Program Files\Microsoft Visual Studio\2022\Community\VC\Tools\MSVC\14.37.32822\include\xstring(5185,32): message : or       'std::basic_ostream<_Elem,_Traits> &std::operator <<(std::basic_ostream<_Elem,_Traits> &,const std::basic_string<_Elem,_Traits,_Alloc> &)'
C:\Users\RileyHall\Documents\Object_Orientated_Design\FinalProject\weapon_generator\Weapon-Randomizer\melee.cpp(27,12): message : 'std::basic_ostream<_Elem,_Traits> &std::operator <<(std::basic_ostream<_Elem,_Traits> &,const std::basic_string<_Elem,_Traits,_Alloc> &)': could not deduce template argument for 'std::basic_ostream<_Elem,_Traits> &' from 'int'
C:\Program Files\Microsoft Visual Studio\2022\Community\VC\Tools\MSVC\14.37.32822\include\iomanip(394,43): message : or       'std::basic_ostream<_Elem,_Traits> &std::operator <<(std::basic_ostream<_Elem,_Traits> &,const std::_Smanip<std::streamsize> &)'
C:\Users\RileyHall\Documents\Object_Orientated_Design\FinalProject\weapon_generator\Weapon-Randomizer\melee.cpp(27,12): message : 'std::basic_ostream<_Elem,_Traits> &std::operator <<(std::basic_ostream<_Elem,_Traits> &,const std::_Smanip<std::streamsize> &)': could not deduce template argument for 'std::basic_ostream<_Elem,_Traits> &' from 'int'
C:\Users\RileyHall\Documents\Object_Orientated_Design\FinalProject\weapon_generator\Weapon-Randomizer\melee.cpp(30,12): error C2297: '<<': not valid as right operand has type 'float'
C:\Users\RileyHall\Documents\Object_Orientated_Design\FinalProject\weapon_generator\Weapon-Randomizer\melee.cpp(30,12): warning C4552: '<<': result of expression not used
  statsRandomizer.cpp
C:\Users\RileyHall\Documents\Object_Orientated_Design\FinalProject\weapon_generator\Weapon-Randomizer\statsRandomizer.cpp(6,34): warning C4244: 'argument': conversion from 'int' to 'float', possible loss of data
C:\Users\RileyHall\Documents\Object_Orientated_Design\FinalProject\weapon_generator\Weapon-Randomizer\statsRandomizer.cpp(8,28): warning C4244: 'argument': conversion from 'int' to 'float', possible loss of data
  swordGeneratorDriver.cpp
  weapon.cpp
C:\Users\RileyHall\Documents\Object_Orientated_Design\FinalProject\weapon_generator\Weapon-Randomizer\weapon.cpp(29,18): error C2079: 'stream' uses undefined class 'std::basic_stringstream<char,std::char_traits<char>,std::allocator<char>>'
C:\Users\RileyHall\Documents\Object_Orientated_Design\FinalProject\weapon_generator\Weapon-Randomizer\weapon.cpp(30,12): error C2297: '<<': not valid as right operand has type 'std::ios_base &(__cdecl *)(std::ios_base &)'
C:\Users\RileyHall\Documents\Object_Orientated_Design\FinalProject\weapon_generator\Weapon-Randomizer\weapon.cpp(30,26): error C2677: binary '<<': no global operator found which takes type 'std::_Smanip<std::streamsize>' (or there is no acceptable conversion)
C:\Program Files\Microsoft Visual Studio\2022\Community\VC\Tools\MSVC\14.37.32822\include\ostream(1081,32): message : could be 'std::basic_ostream<_Elem,_Traits> &std::operator <<(std::basic_ostream<_Elem,_Traits> &,const std::error_code &)'
C:\Users\RileyHall\Documents\Object_Orientated_Design\FinalProject\weapon_generator\Weapon-Randomizer\weapon.cpp(30,12): message : 'std::basic_ostream<_Elem,_Traits> &std::operator <<(std::basic_ostream<_Elem,_Traits> &,const std::error_code &)': could not deduce template argument for 'std::basic_ostream<_Elem,_Traits> &' from 'int'
C:\Program Files\Microsoft Visual Studio\2022\Community\VC\Tools\MSVC\14.37.32822\include\ostream(1004,9): message : or       '_Ostr &&std::operator <<(_Ostr &&,const _Ty &)'
C:\Users\RileyHall\Documents\Object_Orientated_Design\FinalProject\weapon_generator\Weapon-Randomizer\weapon.cpp(30,12): message : '_Ostr &&std::operator <<(_Ostr &&,const _Ty &)': could not deduce template argument for '__formal'
C:\Program Files\Microsoft Visual Studio\2022\Community\VC\Tools\MSVC\14.37.32822\include\ostream(946,31): message : or       'std::basic_ostream<char,_Traits> &std::operator <<(std::basic_ostream<char,_Traits> &,unsigned char)'
C:\Users\RileyHall\Documents\Object_Orientated_Design\FinalProject\weapon_generator\Weapon-Randomizer\weapon.cpp(30,12): message : 'std::basic_ostream<char,_Traits> &std::operator <<(std::basic_ostream<char,_Traits> &,unsigned char)': could not deduce template argument for 'std::basic_ostream<char,_Traits> &' from 'int'
C:\Program Files\Microsoft Visual Studio\2022\Community\VC\Tools\MSVC\14.37.32822\include\ostream(940,31): message : or       'std::basic_ostream<char,_Traits> &std::operator <<(std::basic_ostream<char,_Traits> &,const unsigned char *)'
C:\Users\RileyHall\Documents\Object_Orientated_Design\FinalProject\weapon_generator\Weapon-Randomizer\weapon.cpp(30,12): message : 'std::basic_ostream<char,_Traits> &std::operator <<(std::basic_ostream<char,_Traits> &,const unsigned char *)': could not deduce template argument for 'std::basic_ostream<char,_Traits> &' from 'int'
C:\Program Files\Microsoft Visual Studio\2022\Community\VC\Tools\MSVC\14.37.32822\include\ostream(935,31): message : or       'std::basic_ostream<char,_Traits> &std::operator <<(std::basic_ostream<char,_Traits> &,signed char)'
C:\Users\RileyHall\Documents\Object_Orientated_Design\FinalProject\weapon_generator\Weapon-Randomizer\weapon.cpp(30,12): message : 'std::basic_ostream<char,_Traits> &std::operator <<(std::basic_ostream<char,_Traits> &,signed char)': could not deduce template argument for 'std::basic_ostream<char,_Traits> &' from 'int'
C:\Program Files\Microsoft Visual Studio\2022\Community\VC\Tools\MSVC\14.37.32822\include\ostream(929,31): message : or       'std::basic_ostream<char,_Traits> &std::operator <<(std::basic_ostream<char,_Traits> &,const signed char *)'
C:\Users\RileyHall\Documents\Object_Orientated_Design\FinalProject\weapon_generator\Weapon-Randomizer\weapon.cpp(30,12): message : 'std::basic_ostream<char,_Traits> &std::operator <<(std::basic_ostream<char,_Traits> &,const signed char *)': could not deduce template argument for 'std::basic_ostream<char,_Traits> &' from 'int'
C:\Program Files\Microsoft Visual Studio\2022\Community\VC\Tools\MSVC\14.37.32822\include\ostream(893,32): message : or       'std::basic_ostream<_Elem,_Traits> &std::operator <<(std::basic_ostream<_Elem,_Traits> &,_Elem)'
C:\Users\RileyHall\Documents\Object_Orientated_Design\FinalProject\weapon_generator\Weapon-Randomizer\weapon.cpp(30,12): message : 'std::basic_ostream<_Elem,_Traits> &std::operator <<(std::basic_ostream<_Elem,_Traits> &,_Elem)': could not deduce template argument for 'std::basic_ostream<_Elem,_Traits> &' from 'int'
C:\Program Files\Microsoft Visual Studio\2022\Community\VC\Tools\MSVC\14.37.32822\include\ostream(850,32): message : or       'std::basic_ostream<_Elem,_Traits> &std::operator <<(std::basic_ostream<_Elem,_Traits> &,const _Elem *)'
C:\Users\RileyHall\Documents\Object_Orientated_Design\FinalProject\weapon_generator\Weapon-Randomizer\weapon.cpp(30,12): message : 'std::basic_ostream<_Elem,_Traits> &std::operator <<(std::basic_ostream<_Elem,_Traits> &,const _Elem *)': could not deduce template argument for 'std::basic_ostream<_Elem,_Traits> &' from 'int'
C:\Program Files\Microsoft Visual Studio\2022\Community\VC\Tools\MSVC\14.37.32822\include\ostream(812,31): message : or       'std::basic_ostream<char,_Traits> &std::operator <<(std::basic_ostream<char,_Traits> &,char)'
C:\Users\RileyHall\Documents\Object_Orientated_Design\FinalProject\weapon_generator\Weapon-Randomizer\weapon.cpp(30,12): message : 'std::basic_ostream<char,_Traits> &std::operator <<(std::basic_ostream<char,_Traits> &,char)': could not deduce template argument for 'std::basic_ostream<char,_Traits> &' from 'int'
C:\Program Files\Microsoft Visual Studio\2022\Community\VC\Tools\MSVC\14.37.32822\include\ostream(767,31): message : or       'std::basic_ostream<char,_Traits> &std::operator <<(std::basic_ostream<char,_Traits> &,const char *)'
C:\Users\RileyHall\Documents\Object_Orientated_Design\FinalProject\weapon_generator\Weapon-Randomizer\weapon.cpp(30,12): message : 'std::basic_ostream<char,_Traits> &std::operator <<(std::basic_ostream<char,_Traits> &,const char *)': could not deduce template argument for 'std::basic_ostream<char,_Traits> &' from 'int'
C:\Program Files\Microsoft Visual Studio\2022\Community\VC\Tools\MSVC\14.37.32822\include\ostream(731,32): message : or       'std::basic_ostream<_Elem,_Traits> &std::operator <<(std::basic_ostream<_Elem,_Traits> &,char)'
C:\Users\RileyHall\Documents\Object_Orientated_Design\FinalProject\weapon_generator\Weapon-Randomizer\weapon.cpp(30,12): message : 'std::basic_ostream<_Elem,_Traits> &std::operator <<(std::basic_ostream<_Elem,_Traits> &,char)': could not deduce template argument for 'std::basic_ostream<_Elem,_Traits> &' from 'int'
C:\Program Files\Microsoft Visual Studio\2022\Community\VC\Tools\MSVC\14.37.32822\include\ostream(687,32): message : or       'std::basic_ostream<_Elem,_Traits> &std::operator <<(std::basic_ostream<_Elem,_Traits> &,const char *)'
C:\Users\RileyHall\Documents\Object_Orientated_Design\FinalProject\weapon_generator\Weapon-Randomizer\weapon.cpp(30,12): message : 'std::basic_ostream<_Elem,_Traits> &std::operator <<(std::basic_ostream<_Elem,_Traits> &,const char *)': could not deduce template argument for 'std::basic_ostream<_Elem,_Traits> &' from 'int'
C:\Program Files\Microsoft Visual Studio\2022\Community\VC\Tools\MSVC\14.37.32822\include\memory(3641,32): message : or       'std::basic_ostream<_Elem,_Traits> &std::operator <<(std::basic_ostream<_Elem,_Traits> &,const std::unique_ptr<_Ty2,_Dx2> &)'
C:\Users\RileyHall\Documents\Object_Orientated_Design\FinalProject\weapon_generator\Weapon-Randomizer\weapon.cpp(30,12): message : 'std::basic_ostream<_Elem,_Traits> &std::operator <<(std::basic_ostream<_Elem,_Traits> &,const std::unique_ptr<_Ty2,_Dx2> &)': could not deduce template argument for 'std::basic_ostream<_Elem,_Traits> &' from 'int'
C:\Program Files\Microsoft Visual Studio\2022\Community\VC\Tools\MSVC\14.37.32822\include\memory(1988,32): message : or       'std::basic_ostream<_Elem,_Traits> &std::operator <<(std::basic_ostream<_Elem,_Traits> &,const std::shared_ptr<_Ty> &)'
C:\Users\RileyHall\Documents\Object_Orientated_Design\FinalProject\weapon_generator\Weapon-Randomizer\weapon.cpp(30,12): message : 'std::basic_ostream<_Elem,_Traits> &std::operator <<(std::basic_ostream<_Elem,_Traits> &,const std::shared_ptr<_Ty> &)': could not deduce template argument for 'std::basic_ostream<_Elem,_Traits> &' from 'int'
C:\Program Files\Microsoft Visual Studio\2022\Community\VC\Tools\MSVC\14.37.32822\include\xstring(5185,32): message : or       'std::basic_ostream<_Elem,_Traits> &std::operator <<(std::basic_ostream<_Elem,_Traits> &,const std::basic_string<_Elem,_Traits,_Alloc> &)'
C:\Users\RileyHall\Documents\Object_Orientated_Design\FinalProject\weapon_generator\Weapon-Randomizer\weapon.cpp(30,12): message : 'std::basic_ostream<_Elem,_Traits> &std::operator <<(std::basic_ostream<_Elem,_Traits> &,const std::basic_string<_Elem,_Traits,_Alloc> &)': could not deduce template argument for 'std::basic_ostream<_Elem,_Traits> &' from 'int'
C:\Program Files\Microsoft Visual Studio\2022\Community\VC\Tools\MSVC\14.37.32822\include\iomanip(394,43): message : or       'std::basic_ostream<_Elem,_Traits> &std::operator <<(std::basic_ostream<_Elem,_Traits> &,const std::_Smanip<std::streamsize> &)'
C:\Users\RileyHall\Documents\Object_Orientated_Design\FinalProject\weapon_generator\Weapon-Randomizer\weapon.cpp(30,12): message : 'std::basic_ostream<_Elem,_Traits> &std::operator <<(std::basic_ostream<_Elem,_Traits> &,const std::_Smanip<std::streamsize> &)': could not deduce template argument for 'std::basic_ostream<_Elem,_Traits> &' from 'int'
  Generating Code...
